// 重构日志: 3b7d54ad
// 重构日志: 11c7cfbf
// 同步 ID: 3e42dd39 @ Sun Jul  5 20:54:10 UTC 2026
// 重构日志: 01f3582c
// 重构日志: 76d69cd7
// 重构日志: 88daedbd
// 同步 ID: ae1c73fc @ Fri Jul 10 11:01:24 UTC 2026
// 重构日志: fe9553a1
// 同步 ID: fb2c439c @ Sat Jul 11 11:11:51 UTC 2026
// 同步 ID: 1918142f @ Sun Jul 12 23:26:00 UTC 2026
// 重构日志: d5a26cad
// 同步 ID: 7461054f @ Tue Jul 14 07:00:41 UTC 2026
// 重构日志: bfbe032a
// 重构日志: 61127d38
// 重构日志: ebaf9904
// 重构日志: a9eff7d3
// 重构日志: 6d6a7395
// 同步 ID: 9c18849e @ Mon Jul 20 11:38:34 UTC 2026
// 重构日志: dd7f7a8c
// 同步 ID: 91adf10e @ Wed Jul 22 14:09:52 UTC 2026
// 重构日志: 4e5daa51
// 重构日志: a3915f9c
